<?xml version="1.0" encoding="UTF-8"?>
<testng-results skipped="0" failed="0" ignored="0" total="1" passed="1">
  <reporter-output>
  </reporter-output>
  <suite name="Default suite" duration-ms="31246" started-at="2023-07-16T23:00:29 IST" finished-at="2023-07-16T23:01:00 IST">
    <groups>
    </groups>
    <test name="Default test" duration-ms="31246" started-at="2023-07-16T23:00:29 IST" finished-at="2023-07-16T23:01:00 IST">
      <class name="remosys.remosys.AppTest">
        <test-method status="PASS" signature="setup()[pri:0, instance:remosys.remosys.AppTest@149494d8]" name="setup" is-config="true" duration-ms="6257" started-at="2023-07-16T23:00:29 IST" finished-at="2023-07-16T23:00:35 IST">
          <reporter-output>
          </reporter-output>
        </test-method> <!-- setup -->
        <test-method status="PASS" signature="eCommerceTest()[pri:0, instance:remosys.remosys.AppTest@149494d8]" name="eCommerceTest" duration-ms="24003" started-at="2023-07-16T23:00:35 IST" finished-at="2023-07-16T23:00:59 IST">
          <reporter-output>
          </reporter-output>
        </test-method> <!-- eCommerceTest -->
        <test-method status="PASS" signature="teardown()[pri:0, instance:remosys.remosys.AppTest@149494d8]" name="teardown" is-config="true" duration-ms="931" started-at="2023-07-16T23:00:59 IST" finished-at="2023-07-16T23:01:00 IST">
          <reporter-output>
          </reporter-output>
        </test-method> <!-- teardown -->
      </class> <!-- remosys.remosys.AppTest -->
    </test> <!-- Default test -->
  </suite> <!-- Default suite -->
</testng-results>
